Terminals unused in grammar

   TOKEN_ERRO


Grammar

    0 $accept: s $end

    1 s: k TOKEN_EOF

    2 k: declaracoes k
    3  | declaracoes

    4 declaracoes: decl_variavel
    5            | decl_vetor
    6            | decl_funcao

    7 tipo: TK_PR_INT
    8     | TK_PR_FLOAT
    9     | TK_PR_BOOL
   10     | TK_PR_CHAR
   11     | TK_PR_STRING

   12 decl_variavel: tipo ':' TK_IDENTIFICADOR ';'

   13 decl_vetor: tipo ':' TK_IDENTIFICADOR '[' TK_LIT_INT ']' ';'

   14 decl_parametro: tipo ':' TK_IDENTIFICADOR
   15               | tipo ':' TK_IDENTIFICADOR ',' decl_parametro

   16 decl_funcao: cabecalho decl_locais bloco
   17            | cabecalho bloco

   18 cabecalho: tipo ':' TK_IDENTIFICADOR '(' decl_parametro ')'
   19          | tipo ':' TK_IDENTIFICADOR '(' ')'

   20 decl_locais: decl_variavel decl_locais
   21            | decl_variavel

   22 bloco: '{' comandos '}'
   23      | '{' '}'

   24 comandos: comando_simples ';' comandos
   25         | fluxo_controle comandos
   26         | comando_simples ';'
   27         | fluxo_controle
   28         | bloco ';' comandos
   29         | bloco
   30         | ';'

   31 comando: comando_simples
   32        | fluxo_controle

   33 comando_simples: atribuicao
   34                | entrada
   35                | saida
   36                | retorno
   37                | chamada_funcao

   38 atribuicao: TK_IDENTIFICADOR '=' expressao
   39           | TK_IDENTIFICADOR '=' TK_LIT_STRING
   40           | TK_IDENTIFICADOR '=' TK_LIT_CHAR
   41           | TK_IDENTIFICADOR '[' expressao ']' '=' expressao
   42           | TK_IDENTIFICADOR '[' expressao ']' '=' TK_LIT_STRING
   43           | TK_IDENTIFICADOR '[' expressao ']' '=' TK_LIT_CHAR

   44 entrada: TK_PR_INPUT TK_IDENTIFICADOR

   45 saida: TK_PR_OUTPUT lista_elementos

   46 lista_elementos: TK_LIT_STRING
   47                | TK_LIT_STRING ',' lista_elementos
   48                | expressao
   49                | expressao ',' lista_elementos

   50 retorno: TK_PR_RETURN expressao

   51 chamada_funcao: TK_IDENTIFICADOR '(' lista_argumentos ')'

   52 expressao_aritmetica: expressao '+' expressao
   53                     | expressao '-' expressao
   54                     | expressao '*' expressao
   55                     | expressao '/' expressao

   56 expressao_logica: expressao TK_OC_LE expressao
   57                 | expressao TK_OC_GE expressao
   58                 | expressao '<' expressao
   59                 | expressao TK_OC_EQ expressao
   60                 | expressao TK_OC_NE expressao
   61                 | expressao TK_OC_AND expressao
   62                 | expressao TK_OC_OR expressao

   63 expressao: expressao_aritmetica
   64          | expressao_logica
   65          | '(' expressao ')'
   66          | TK_IDENTIFICADOR '[' expressao ']'
   67          | TK_IDENTIFICADOR
   68          | TK_LIT_INT
   69          | '-' TK_LIT_INT
   70          | TK_LIT_TRUE
   71          | TK_LIT_FALSE
   72          | TK_LIT_FLOAT
   73          | '-' TK_LIT_FLOAT
   74          | chamada_funcao

   75 lista_argumentos: TK_LIT_CHAR
   76                 | TK_LIT_CHAR ',' lista_argumentos
   77                 | TK_LIT_STRING
   78                 | TK_LIT_STRING ',' lista_argumentos
   79                 | expressao
   80                 | expressao ',' lista_argumentos
   81                 | /* empty */

   82 fluxo_controle: TK_PR_IF '(' expressao_logica ')' TK_PR_THEN then_else
   83               | TK_PR_IF '(' expressao_logica ')' TK_PR_THEN then TK_PR_ELSE then_else
   84               | TK_PR_WHILE '(' expressao_logica ')' TK_PR_DO comandos_while_do ';'
   85               | TK_PR_DO comandos_while_do TK_PR_WHILE '(' expressao_logica ')' ';'

   86 then: comando
   87     | bloco

   88 then_else: comando ';'
   89          | bloco ';'

   90 comandos_while_do: comando
   91                  | bloco


Terminals, with rules where they appear

$end (0) 0
'(' (40) 18 19 51 65 82 83 84 85
')' (41) 18 19 51 65 82 83 84 85
'*' (42) 54
'+' (43) 52
',' (44) 15 47 49 76 78 80
'-' (45) 53 69 73
'/' (47) 55
':' (58) 12 13 14 15 18 19
';' (59) 12 13 24 26 28 30 84 85 88 89
'<' (60) 58
'=' (61) 38 39 40 41 42 43
'[' (91) 13 41 42 43 66
']' (93) 13 41 42 43 66
'{' (123) 22 23
'}' (125) 22 23
error (256)
TK_PR_INT (258) 7
TK_PR_FLOAT (259) 8
TK_PR_BOOL (260) 9
TK_PR_CHAR (261) 10
TK_PR_STRING (262) 11
TK_PR_IF (263) 82 83
TK_PR_THEN (264) 82 83
TK_PR_ELSE (265) 83
TK_PR_WHILE (266) 84 85
TK_PR_DO (267) 84 85
TK_PR_INPUT (268) 44
TK_PR_OUTPUT (269) 45
TK_PR_RETURN (270) 50
TK_OC_LE (271) 56
TK_OC_GE (272) 57
TK_OC_EQ (273) 59
TK_OC_NE (274) 60
TK_OC_AND (275) 61
TK_OC_OR (276) 62
TK_LIT_INT (277) 13 68 69
TK_LIT_FLOAT (278) 72 73
TK_LIT_FALSE (279) 71
TK_LIT_TRUE (280) 70
TK_LIT_CHAR (281) 40 43 75 76
TK_LIT_STRING (282) 39 42 46 47 77 78
TK_IDENTIFICADOR (283) 12 13 14 15 18 19 38 39 40 41 42 43 44 51 66
    67
TOKEN_ERRO (284)
TOKEN_EOF (285) 1


Nonterminals, with rules where they appear

$accept (46)
    on left: 0
s (47)
    on left: 1, on right: 0
k (48)
    on left: 2 3, on right: 1 2
declaracoes (49)
    on left: 4 5 6, on right: 2 3
tipo (50)
    on left: 7 8 9 10 11, on right: 12 13 14 15 18 19
decl_variavel (51)
    on left: 12, on right: 4 20 21
decl_vetor (52)
    on left: 13, on right: 5
decl_parametro (53)
    on left: 14 15, on right: 15 18
decl_funcao (54)
    on left: 16 17, on right: 6
cabecalho (55)
    on left: 18 19, on right: 16 17
decl_locais (56)
    on left: 20 21, on right: 16 20
bloco (57)
    on left: 22 23, on right: 16 17 28 29 87 89 91
comandos (58)
    on left: 24 25 26 27 28 29 30, on right: 22 24 25 28
comando (59)
    on left: 31 32, on right: 86 88 90
comando_simples (60)
    on left: 33 34 35 36 37, on right: 24 26 31
atribuicao (61)
    on left: 38 39 40 41 42 43, on right: 33
entrada (62)
    on left: 44, on right: 34
saida (63)
    on left: 45, on right: 35
lista_elementos (64)
    on left: 46 47 48 49, on right: 45 47 49
retorno (65)
    on left: 50, on right: 36
chamada_funcao (66)
    on left: 51, on right: 37 74
expressao_aritmetica (67)
    on left: 52 53 54 55, on right: 63
expressao_logica (68)
    on left: 56 57 58 59 60 61 62, on right: 64 82 83 84 85
expressao (69)
    on left: 63 64 65 66 67 68 69 70 71 72 73 74, on right: 38 41 42
    43 48 49 50 52 53 54 55 56 57 58 59 60 61 62 65 66 79 80
lista_argumentos (70)
    on left: 75 76 77 78 79 80 81, on right: 51 76 78 80
fluxo_controle (71)
    on left: 82 83 84 85, on right: 25 27 32
then (72)
    on left: 86 87, on right: 83
then_else (73)
    on left: 88 89, on right: 82 83
comandos_while_do (74)
    on left: 90 91, on right: 84 85


state 0

    0 $accept: . s $end

    TK_PR_INT     shift, and go to state 1
    TK_PR_FLOAT   shift, and go to state 2
    TK_PR_BOOL    shift, and go to state 3
    TK_PR_CHAR    shift, and go to state 4
    TK_PR_STRING  shift, and go to state 5

    s              go to state 6
    k              go to state 7
    declaracoes    go to state 8
    tipo           go to state 9
    decl_variavel  go to state 10
    decl_vetor     go to state 11
    decl_funcao    go to state 12
    cabecalho      go to state 13


state 1

    7 tipo: TK_PR_INT .

    $default  reduce using rule 7 (tipo)


state 2

    8 tipo: TK_PR_FLOAT .

    $default  reduce using rule 8 (tipo)


state 3

    9 tipo: TK_PR_BOOL .

    $default  reduce using rule 9 (tipo)


state 4

   10 tipo: TK_PR_CHAR .

    $default  reduce using rule 10 (tipo)


state 5

   11 tipo: TK_PR_STRING .

    $default  reduce using rule 11 (tipo)


state 6

    0 $accept: s . $end

    $end  shift, and go to state 14


state 7

    1 s: k . TOKEN_EOF

    TOKEN_EOF  shift, and go to state 15


state 8

    2 k: declaracoes . k
    3  | declaracoes .

    TK_PR_INT     shift, and go to state 1
    TK_PR_FLOAT   shift, and go to state 2
    TK_PR_BOOL    shift, and go to state 3
    TK_PR_CHAR    shift, and go to state 4
    TK_PR_STRING  shift, and go to state 5

    $default  reduce using rule 3 (k)

    k              go to state 16
    declaracoes    go to state 8
    tipo           go to state 9
    decl_variavel  go to state 10
    decl_vetor     go to state 11
    decl_funcao    go to state 12
    cabecalho      go to state 13


state 9

   12 decl_variavel: tipo . ':' TK_IDENTIFICADOR ';'
   13 decl_vetor: tipo . ':' TK_IDENTIFICADOR '[' TK_LIT_INT ']' ';'
   18 cabecalho: tipo . ':' TK_IDENTIFICADOR '(' decl_parametro ')'
   19          | tipo . ':' TK_IDENTIFICADOR '(' ')'

    ':'  shift, and go to state 17


state 10

    4 declaracoes: decl_variavel .

    $default  reduce using rule 4 (declaracoes)


state 11

    5 declaracoes: decl_vetor .

    $default  reduce using rule 5 (declaracoes)


state 12

    6 declaracoes: decl_funcao .

    $default  reduce using rule 6 (declaracoes)


state 13

   16 decl_funcao: cabecalho . decl_locais bloco
   17            | cabecalho . bloco

    TK_PR_INT     shift, and go to state 1
    TK_PR_FLOAT   shift, and go to state 2
    TK_PR_BOOL    shift, and go to state 3
    TK_PR_CHAR    shift, and go to state 4
    TK_PR_STRING  shift, and go to state 5
    '{'           shift, and go to state 18

    tipo           go to state 19
    decl_variavel  go to state 20
    decl_locais    go to state 21
    bloco          go to state 22


state 14

    0 $accept: s $end .

    $default  accept


state 15

    1 s: k TOKEN_EOF .

    $default  reduce using rule 1 (s)


state 16

    2 k: declaracoes k .

    $default  reduce using rule 2 (k)


state 17

   12 decl_variavel: tipo ':' . TK_IDENTIFICADOR ';'
   13 decl_vetor: tipo ':' . TK_IDENTIFICADOR '[' TK_LIT_INT ']' ';'
   18 cabecalho: tipo ':' . TK_IDENTIFICADOR '(' decl_parametro ')'
   19          | tipo ':' . TK_IDENTIFICADOR '(' ')'

    TK_IDENTIFICADOR  shift, and go to state 23


state 18

   22 bloco: '{' . comandos '}'
   23      | '{' . '}'

    TK_PR_IF          shift, and go to state 24
    TK_PR_WHILE       shift, and go to state 25
    TK_PR_DO          shift, and go to state 26
    TK_PR_INPUT       shift, and go to state 27
    TK_PR_OUTPUT      shift, and go to state 28
    TK_PR_RETURN      shift, and go to state 29
    TK_IDENTIFICADOR  shift, and go to state 30
    ';'               shift, and go to state 31
    '{'               shift, and go to state 18
    '}'               shift, and go to state 32

    bloco            go to state 33
    comandos         go to state 34
    comando_simples  go to state 35
    atribuicao       go to state 36
    entrada          go to state 37
    saida            go to state 38
    retorno          go to state 39
    chamada_funcao   go to state 40
    fluxo_controle   go to state 41


state 19

   12 decl_variavel: tipo . ':' TK_IDENTIFICADOR ';'

    ':'  shift, and go to state 42


state 20

   20 decl_locais: decl_variavel . decl_locais
   21            | decl_variavel .

    TK_PR_INT     shift, and go to state 1
    TK_PR_FLOAT   shift, and go to state 2
    TK_PR_BOOL    shift, and go to state 3
    TK_PR_CHAR    shift, and go to state 4
    TK_PR_STRING  shift, and go to state 5

    $default  reduce using rule 21 (decl_locais)

    tipo           go to state 19
    decl_variavel  go to state 20
    decl_locais    go to state 43


state 21

   16 decl_funcao: cabecalho decl_locais . bloco

    '{'  shift, and go to state 18

    bloco  go to state 44


state 22

   17 decl_funcao: cabecalho bloco .

    $default  reduce using rule 17 (decl_funcao)


state 23

   12 decl_variavel: tipo ':' TK_IDENTIFICADOR . ';'
   13 decl_vetor: tipo ':' TK_IDENTIFICADOR . '[' TK_LIT_INT ']' ';'
   18 cabecalho: tipo ':' TK_IDENTIFICADOR . '(' decl_parametro ')'
   19          | tipo ':' TK_IDENTIFICADOR . '(' ')'

    ';'  shift, and go to state 45
    '['  shift, and go to state 46
    '('  shift, and go to state 47


state 24

   82 fluxo_controle: TK_PR_IF . '(' expressao_logica ')' TK_PR_THEN then_else
   83               | TK_PR_IF . '(' expressao_logica ')' TK_PR_THEN then TK_PR_ELSE then_else

    '('  shift, and go to state 48


state 25

   84 fluxo_controle: TK_PR_WHILE . '(' expressao_logica ')' TK_PR_DO comandos_while_do ';'

    '('  shift, and go to state 49


state 26

   85 fluxo_controle: TK_PR_DO . comandos_while_do TK_PR_WHILE '(' expressao_logica ')' ';'

    TK_PR_IF          shift, and go to state 24
    TK_PR_WHILE       shift, and go to state 25
    TK_PR_DO          shift, and go to state 26
    TK_PR_INPUT       shift, and go to state 27
    TK_PR_OUTPUT      shift, and go to state 28
    TK_PR_RETURN      shift, and go to state 29
    TK_IDENTIFICADOR  shift, and go to state 30
    '{'               shift, and go to state 18

    bloco              go to state 50
    comando            go to state 51
    comando_simples    go to state 52
    atribuicao         go to state 36
    entrada            go to state 37
    saida              go to state 38
    retorno            go to state 39
    chamada_funcao     go to state 40
    fluxo_controle     go to state 53
    comandos_while_do  go to state 54


state 27

   44 entrada: TK_PR_INPUT . TK_IDENTIFICADOR

    TK_IDENTIFICADOR  shift, and go to state 55


state 28

   45 saida: TK_PR_OUTPUT . lista_elementos

    TK_LIT_INT        shift, and go to state 56
    TK_LIT_FLOAT      shift, and go to state 57
    TK_LIT_FALSE      shift, and go to state 58
    TK_LIT_TRUE       shift, and go to state 59
    TK_LIT_STRING     shift, and go to state 60
    TK_IDENTIFICADOR  shift, and go to state 61
    '-'               shift, and go to state 62
    '('               shift, and go to state 63

    lista_elementos       go to state 64
    chamada_funcao        go to state 65
    expressao_aritmetica  go to state 66
    expressao_logica      go to state 67
    expressao             go to state 68


state 29

   50 retorno: TK_PR_RETURN . expressao

    TK_LIT_INT        shift, and go to state 56
    TK_LIT_FLOAT      shift, and go to state 57
    TK_LIT_FALSE      shift, and go to state 58
    TK_LIT_TRUE       shift, and go to state 59
    TK_IDENTIFICADOR  shift, and go to state 61
    '-'               shift, and go to state 62
    '('               shift, and go to state 63

    chamada_funcao        go to state 65
    expressao_aritmetica  go to state 66
    expressao_logica      go to state 67
    expressao             go to state 69


state 30

   38 atribuicao: TK_IDENTIFICADOR . '=' expressao
   39           | TK_IDENTIFICADOR . '=' TK_LIT_STRING
   40           | TK_IDENTIFICADOR . '=' TK_LIT_CHAR
   41           | TK_IDENTIFICADOR . '[' expressao ']' '=' expressao
   42           | TK_IDENTIFICADOR . '[' expressao ']' '=' TK_LIT_STRING
   43           | TK_IDENTIFICADOR . '[' expressao ']' '=' TK_LIT_CHAR
   51 chamada_funcao: TK_IDENTIFICADOR . '(' lista_argumentos ')'

    '='  shift, and go to state 70
    '['  shift, and go to state 71
    '('  shift, and go to state 72


state 31

   30 comandos: ';' .

    $default  reduce using rule 30 (comandos)


state 32

   23 bloco: '{' '}' .

    $default  reduce using rule 23 (bloco)


state 33

   28 comandos: bloco . ';' comandos
   29         | bloco .

    ';'  shift, and go to state 73

    $default  reduce using rule 29 (comandos)


state 34

   22 bloco: '{' comandos . '}'

    '}'  shift, and go to state 74


state 35

   24 comandos: comando_simples . ';' comandos
   26         | comando_simples . ';'

    ';'  shift, and go to state 75


state 36

   33 comando_simples: atribuicao .

    $default  reduce using rule 33 (comando_simples)


state 37

   34 comando_simples: entrada .

    $default  reduce using rule 34 (comando_simples)


state 38

   35 comando_simples: saida .

    $default  reduce using rule 35 (comando_simples)


state 39

   36 comando_simples: retorno .

    $default  reduce using rule 36 (comando_simples)


state 40

   37 comando_simples: chamada_funcao .

    $default  reduce using rule 37 (comando_simples)


state 41

   25 comandos: fluxo_controle . comandos
   27         | fluxo_controle .

    TK_PR_IF          shift, and go to state 24
    TK_PR_WHILE       shift, and go to state 25
    TK_PR_DO          shift, and go to state 26
    TK_PR_INPUT       shift, and go to state 27
    TK_PR_OUTPUT      shift, and go to state 28
    TK_PR_RETURN      shift, and go to state 29
    TK_IDENTIFICADOR  shift, and go to state 30
    ';'               shift, and go to state 31
    '{'               shift, and go to state 18

    $default  reduce using rule 27 (comandos)

    bloco            go to state 33
    comandos         go to state 76
    comando_simples  go to state 35
    atribuicao       go to state 36
    entrada          go to state 37
    saida            go to state 38
    retorno          go to state 39
    chamada_funcao   go to state 40
    fluxo_controle   go to state 41


state 42

   12 decl_variavel: tipo ':' . TK_IDENTIFICADOR ';'

    TK_IDENTIFICADOR  shift, and go to state 77


state 43

   20 decl_locais: decl_variavel decl_locais .

    $default  reduce using rule 20 (decl_locais)


state 44

   16 decl_funcao: cabecalho decl_locais bloco .

    $default  reduce using rule 16 (decl_funcao)


state 45

   12 decl_variavel: tipo ':' TK_IDENTIFICADOR ';' .

    $default  reduce using rule 12 (decl_variavel)


state 46

   13 decl_vetor: tipo ':' TK_IDENTIFICADOR '[' . TK_LIT_INT ']' ';'

    TK_LIT_INT  shift, and go to state 78


state 47

   18 cabecalho: tipo ':' TK_IDENTIFICADOR '(' . decl_parametro ')'
   19          | tipo ':' TK_IDENTIFICADOR '(' . ')'

    TK_PR_INT     shift, and go to state 1
    TK_PR_FLOAT   shift, and go to state 2
    TK_PR_BOOL    shift, and go to state 3
    TK_PR_CHAR    shift, and go to state 4
    TK_PR_STRING  shift, and go to state 5
    ')'           shift, and go to state 79

    tipo            go to state 80
    decl_parametro  go to state 81


state 48

   82 fluxo_controle: TK_PR_IF '(' . expressao_logica ')' TK_PR_THEN then_else
   83               | TK_PR_IF '(' . expressao_logica ')' TK_PR_THEN then TK_PR_ELSE then_else

    TK_LIT_INT        shift, and go to state 56
    TK_LIT_FLOAT      shift, and go to state 57
    TK_LIT_FALSE      shift, and go to state 58
    TK_LIT_TRUE       shift, and go to state 59
    TK_IDENTIFICADOR  shift, and go to state 61
    '-'               shift, and go to state 62
    '('               shift, and go to state 63

    chamada_funcao        go to state 65
    expressao_aritmetica  go to state 66
    expressao_logica      go to state 82
    expressao             go to state 83


state 49

   84 fluxo_controle: TK_PR_WHILE '(' . expressao_logica ')' TK_PR_DO comandos_while_do ';'

    TK_LIT_INT        shift, and go to state 56
    TK_LIT_FLOAT      shift, and go to state 57
    TK_LIT_FALSE      shift, and go to state 58
    TK_LIT_TRUE       shift, and go to state 59
    TK_IDENTIFICADOR  shift, and go to state 61
    '-'               shift, and go to state 62
    '('               shift, and go to state 63

    chamada_funcao        go to state 65
    expressao_aritmetica  go to state 66
    expressao_logica      go to state 84
    expressao             go to state 83


state 50

   91 comandos_while_do: bloco .

    $default  reduce using rule 91 (comandos_while_do)


state 51

   90 comandos_while_do: comando .

    $default  reduce using rule 90 (comandos_while_do)


state 52

   31 comando: comando_simples .

    $default  reduce using rule 31 (comando)


state 53

   32 comando: fluxo_controle .

    $default  reduce using rule 32 (comando)


state 54

   85 fluxo_controle: TK_PR_DO comandos_while_do . TK_PR_WHILE '(' expressao_logica ')' ';'

    TK_PR_WHILE  shift, and go to state 85


state 55

   44 entrada: TK_PR_INPUT TK_IDENTIFICADOR .

    $default  reduce using rule 44 (entrada)


state 56

   68 expressao: TK_LIT_INT .

    $default  reduce using rule 68 (expressao)


state 57

   72 expressao: TK_LIT_FLOAT .

    $default  reduce using rule 72 (expressao)


state 58

   71 expressao: TK_LIT_FALSE .

    $default  reduce using rule 71 (expressao)


state 59

   70 expressao: TK_LIT_TRUE .

    $default  reduce using rule 70 (expressao)


state 60

   46 lista_elementos: TK_LIT_STRING .
   47                | TK_LIT_STRING . ',' lista_elementos

    ','  shift, and go to state 86

    $default  reduce using rule 46 (lista_elementos)


state 61

   51 chamada_funcao: TK_IDENTIFICADOR . '(' lista_argumentos ')'
   66 expressao: TK_IDENTIFICADOR . '[' expressao ']'
   67          | TK_IDENTIFICADOR .

    '['  shift, and go to state 87
    '('  shift, and go to state 72

    $default  reduce using rule 67 (expressao)


state 62

   69 expressao: '-' . TK_LIT_INT
   73          | '-' . TK_LIT_FLOAT

    TK_LIT_INT    shift, and go to state 88
    TK_LIT_FLOAT  shift, and go to state 89


state 63

   65 expressao: '(' . expressao ')'

    TK_LIT_INT        shift, and go to state 56
    TK_LIT_FLOAT      shift, and go to state 57
    TK_LIT_FALSE      shift, and go to state 58
    TK_LIT_TRUE       shift, and go to state 59
    TK_IDENTIFICADOR  shift, and go to state 61
    '-'               shift, and go to state 62
    '('               shift, and go to state 63

    chamada_funcao        go to state 65
    expressao_aritmetica  go to state 66
    expressao_logica      go to state 67
    expressao             go to state 90


state 64

   45 saida: TK_PR_OUTPUT lista_elementos .

    $default  reduce using rule 45 (saida)


state 65

   74 expressao: chamada_funcao .

    $default  reduce using rule 74 (expressao)


state 66

   63 expressao: expressao_aritmetica .

    $default  reduce using rule 63 (expressao)


state 67

   64 expressao: expressao_logica .

    $default  reduce using rule 64 (expressao)


state 68

   48 lista_elementos: expressao .
   49                | expressao . ',' lista_elementos
   52 expressao_aritmetica: expressao . '+' expressao
   53                     | expressao . '-' expressao
   54                     | expressao . '*' expressao
   55                     | expressao . '/' expressao
   56 expressao_logica: expressao . TK_OC_LE expressao
   57                 | expressao . TK_OC_GE expressao
   58                 | expressao . '<' expressao
   59                 | expressao . TK_OC_EQ expressao
   60                 | expressao . TK_OC_NE expressao
   61                 | expressao . TK_OC_AND expressao
   62                 | expressao . TK_OC_OR expressao

    TK_OC_LE   shift, and go to state 91
    TK_OC_GE   shift, and go to state 92
    TK_OC_EQ   shift, and go to state 93
    TK_OC_NE   shift, and go to state 94
    TK_OC_AND  shift, and go to state 95
    TK_OC_OR   shift, and go to state 96
    '<'        shift, and go to state 97
    '+'        shift, and go to state 98
    '-'        shift, and go to state 99
    '*'        shift, and go to state 100
    '/'        shift, and go to state 101
    ','        shift, and go to state 102

    $default  reduce using rule 48 (lista_elementos)


state 69

   50 retorno: TK_PR_RETURN expressao .
   52 expressao_aritmetica: expressao . '+' expressao
   53                     | expressao . '-' expressao
   54                     | expressao . '*' expressao
   55                     | expressao . '/' expressao
   56 expressao_logica: expressao . TK_OC_LE expressao
   57                 | expressao . TK_OC_GE expressao
   58                 | expressao . '<' expressao
   59                 | expressao . TK_OC_EQ expressao
   60                 | expressao . TK_OC_NE expressao
   61                 | expressao . TK_OC_AND expressao
   62                 | expressao . TK_OC_OR expressao

    TK_OC_LE   shift, and go to state 91
    TK_OC_GE   shift, and go to state 92
    TK_OC_EQ   shift, and go to state 93
    TK_OC_NE   shift, and go to state 94
    TK_OC_AND  shift, and go to state 95
    TK_OC_OR   shift, and go to state 96
    '<'        shift, and go to state 97
    '+'        shift, and go to state 98
    '-'        shift, and go to state 99
    '*'        shift, and go to state 100
    '/'        shift, and go to state 101

    $default  reduce using rule 50 (retorno)


state 70

   38 atribuicao: TK_IDENTIFICADOR '=' . expressao
   39           | TK_IDENTIFICADOR '=' . TK_LIT_STRING
   40           | TK_IDENTIFICADOR '=' . TK_LIT_CHAR

    TK_LIT_INT        shift, and go to state 56
    TK_LIT_FLOAT      shift, and go to state 57
    TK_LIT_FALSE      shift, and go to state 58
    TK_LIT_TRUE       shift, and go to state 59
    TK_LIT_CHAR       shift, and go to state 103
    TK_LIT_STRING     shift, and go to state 104
    TK_IDENTIFICADOR  shift, and go to state 61
    '-'               shift, and go to state 62
    '('               shift, and go to state 63

    chamada_funcao        go to state 65
    expressao_aritmetica  go to state 66
    expressao_logica      go to state 67
    expressao             go to state 105


state 71

   41 atribuicao: TK_IDENTIFICADOR '[' . expressao ']' '=' expressao
   42           | TK_IDENTIFICADOR '[' . expressao ']' '=' TK_LIT_STRING
   43           | TK_IDENTIFICADOR '[' . expressao ']' '=' TK_LIT_CHAR

    TK_LIT_INT        shift, and go to state 56
    TK_LIT_FLOAT      shift, and go to state 57
    TK_LIT_FALSE      shift, and go to state 58
    TK_LIT_TRUE       shift, and go to state 59
    TK_IDENTIFICADOR  shift, and go to state 61
    '-'               shift, and go to state 62
    '('               shift, and go to state 63

    chamada_funcao        go to state 65
    expressao_aritmetica  go to state 66
    expressao_logica      go to state 67
    expressao             go to state 106


state 72

   51 chamada_funcao: TK_IDENTIFICADOR '(' . lista_argumentos ')'

    TK_LIT_INT        shift, and go to state 56
    TK_LIT_FLOAT      shift, and go to state 57
    TK_LIT_FALSE      shift, and go to state 58
    TK_LIT_TRUE       shift, and go to state 59
    TK_LIT_CHAR       shift, and go to state 107
    TK_LIT_STRING     shift, and go to state 108
    TK_IDENTIFICADOR  shift, and go to state 61
    '-'               shift, and go to state 62
    '('               shift, and go to state 63

    $default  reduce using rule 81 (lista_argumentos)

    chamada_funcao        go to state 65
    expressao_aritmetica  go to state 66
    expressao_logica      go to state 67
    expressao             go to state 109
    lista_argumentos      go to state 110


state 73

   28 comandos: bloco ';' . comandos

    TK_PR_IF          shift, and go to state 24
    TK_PR_WHILE       shift, and go to state 25
    TK_PR_DO          shift, and go to state 26
    TK_PR_INPUT       shift, and go to state 27
    TK_PR_OUTPUT      shift, and go to state 28
    TK_PR_RETURN      shift, and go to state 29
    TK_IDENTIFICADOR  shift, and go to state 30
    ';'               shift, and go to state 31
    '{'               shift, and go to state 18

    bloco            go to state 33
    comandos         go to state 111
    comando_simples  go to state 35
    atribuicao       go to state 36
    entrada          go to state 37
    saida            go to state 38
    retorno          go to state 39
    chamada_funcao   go to state 40
    fluxo_controle   go to state 41


state 74

   22 bloco: '{' comandos '}' .

    $default  reduce using rule 22 (bloco)


state 75

   24 comandos: comando_simples ';' . comandos
   26         | comando_simples ';' .

    TK_PR_IF          shift, and go to state 24
    TK_PR_WHILE       shift, and go to state 25
    TK_PR_DO          shift, and go to state 26
    TK_PR_INPUT       shift, and go to state 27
    TK_PR_OUTPUT      shift, and go to state 28
    TK_PR_RETURN      shift, and go to state 29
    TK_IDENTIFICADOR  shift, and go to state 30
    ';'               shift, and go to state 31
    '{'               shift, and go to state 18

    $default  reduce using rule 26 (comandos)

    bloco            go to state 33
    comandos         go to state 112
    comando_simples  go to state 35
    atribuicao       go to state 36
    entrada          go to state 37
    saida            go to state 38
    retorno          go to state 39
    chamada_funcao   go to state 40
    fluxo_controle   go to state 41


state 76

   25 comandos: fluxo_controle comandos .

    $default  reduce using rule 25 (comandos)


state 77

   12 decl_variavel: tipo ':' TK_IDENTIFICADOR . ';'

    ';'  shift, and go to state 45


state 78

   13 decl_vetor: tipo ':' TK_IDENTIFICADOR '[' TK_LIT_INT . ']' ';'

    ']'  shift, and go to state 113


state 79

   19 cabecalho: tipo ':' TK_IDENTIFICADOR '(' ')' .

    $default  reduce using rule 19 (cabecalho)


state 80

   14 decl_parametro: tipo . ':' TK_IDENTIFICADOR
   15               | tipo . ':' TK_IDENTIFICADOR ',' decl_parametro

    ':'  shift, and go to state 114


state 81

   18 cabecalho: tipo ':' TK_IDENTIFICADOR '(' decl_parametro . ')'

    ')'  shift, and go to state 115


state 82

   64 expressao: expressao_logica .
   82 fluxo_controle: TK_PR_IF '(' expressao_logica . ')' TK_PR_THEN then_else
   83               | TK_PR_IF '(' expressao_logica . ')' TK_PR_THEN then TK_PR_ELSE then_else

    ')'  shift, and go to state 116

    $default  reduce using rule 64 (expressao)


state 83

   52 expressao_aritmetica: expressao . '+' expressao
   53                     | expressao . '-' expressao
   54                     | expressao . '*' expressao
   55                     | expressao . '/' expressao
   56 expressao_logica: expressao . TK_OC_LE expressao
   57                 | expressao . TK_OC_GE expressao
   58                 | expressao . '<' expressao
   59                 | expressao . TK_OC_EQ expressao
   60                 | expressao . TK_OC_NE expressao
   61                 | expressao . TK_OC_AND expressao
   62                 | expressao . TK_OC_OR expressao

    TK_OC_LE   shift, and go to state 91
    TK_OC_GE   shift, and go to state 92
    TK_OC_EQ   shift, and go to state 93
    TK_OC_NE   shift, and go to state 94
    TK_OC_AND  shift, and go to state 95
    TK_OC_OR   shift, and go to state 96
    '<'        shift, and go to state 97
    '+'        shift, and go to state 98
    '-'        shift, and go to state 99
    '*'        shift, and go to state 100
    '/'        shift, and go to state 101


state 84

   64 expressao: expressao_logica .
   84 fluxo_controle: TK_PR_WHILE '(' expressao_logica . ')' TK_PR_DO comandos_while_do ';'

    ')'  shift, and go to state 117

    $default  reduce using rule 64 (expressao)


state 85

   85 fluxo_controle: TK_PR_DO comandos_while_do TK_PR_WHILE . '(' expressao_logica ')' ';'

    '('  shift, and go to state 118


state 86

   47 lista_elementos: TK_LIT_STRING ',' . lista_elementos

    TK_LIT_INT        shift, and go to state 56
    TK_LIT_FLOAT      shift, and go to state 57
    TK_LIT_FALSE      shift, and go to state 58
    TK_LIT_TRUE       shift, and go to state 59
    TK_LIT_STRING     shift, and go to state 60
    TK_IDENTIFICADOR  shift, and go to state 61
    '-'               shift, and go to state 62
    '('               shift, and go to state 63

    lista_elementos       go to state 119
    chamada_funcao        go to state 65
    expressao_aritmetica  go to state 66
    expressao_logica      go to state 67
    expressao             go to state 68


state 87

   66 expressao: TK_IDENTIFICADOR '[' . expressao ']'

    TK_LIT_INT        shift, and go to state 56
    TK_LIT_FLOAT      shift, and go to state 57
    TK_LIT_FALSE      shift, and go to state 58
    TK_LIT_TRUE       shift, and go to state 59
    TK_IDENTIFICADOR  shift, and go to state 61
    '-'               shift, and go to state 62
    '('               shift, and go to state 63

    chamada_funcao        go to state 65
    expressao_aritmetica  go to state 66
    expressao_logica      go to state 67
    expressao             go to state 120


state 88

   69 expressao: '-' TK_LIT_INT .

    $default  reduce using rule 69 (expressao)


state 89

   73 expressao: '-' TK_LIT_FLOAT .

    $default  reduce using rule 73 (expressao)


state 90

   52 expressao_aritmetica: expressao . '+' expressao
   53                     | expressao . '-' expressao
   54                     | expressao . '*' expressao
   55                     | expressao . '/' expressao
   56 expressao_logica: expressao . TK_OC_LE expressao
   57                 | expressao . TK_OC_GE expressao
   58                 | expressao . '<' expressao
   59                 | expressao . TK_OC_EQ expressao
   60                 | expressao . TK_OC_NE expressao
   61                 | expressao . TK_OC_AND expressao
   62                 | expressao . TK_OC_OR expressao
   65 expressao: '(' expressao . ')'

    TK_OC_LE   shift, and go to state 91
    TK_OC_GE   shift, and go to state 92
    TK_OC_EQ   shift, and go to state 93
    TK_OC_NE   shift, and go to state 94
    TK_OC_AND  shift, and go to state 95
    TK_OC_OR   shift, and go to state 96
    '<'        shift, and go to state 97
    '+'        shift, and go to state 98
    '-'        shift, and go to state 99
    '*'        shift, and go to state 100
    '/'        shift, and go to state 101
    ')'        shift, and go to state 121


state 91

   56 expressao_logica: expressao TK_OC_LE . expressao

    TK_LIT_INT        shift, and go to state 56
    TK_LIT_FLOAT      shift, and go to state 57
    TK_LIT_FALSE      shift, and go to state 58
    TK_LIT_TRUE       shift, and go to state 59
    TK_IDENTIFICADOR  shift, and go to state 61
    '-'               shift, and go to state 62
    '('               shift, and go to state 63

    chamada_funcao        go to state 65
    expressao_aritmetica  go to state 66
    expressao_logica      go to state 67
    expressao             go to state 122


state 92

   57 expressao_logica: expressao TK_OC_GE . expressao

    TK_LIT_INT        shift, and go to state 56
    TK_LIT_FLOAT      shift, and go to state 57
    TK_LIT_FALSE      shift, and go to state 58
    TK_LIT_TRUE       shift, and go to state 59
    TK_IDENTIFICADOR  shift, and go to state 61
    '-'               shift, and go to state 62
    '('               shift, and go to state 63

    chamada_funcao        go to state 65
    expressao_aritmetica  go to state 66
    expressao_logica      go to state 67
    expressao             go to state 123


state 93

   59 expressao_logica: expressao TK_OC_EQ . expressao

    TK_LIT_INT        shift, and go to state 56
    TK_LIT_FLOAT      shift, and go to state 57
    TK_LIT_FALSE      shift, and go to state 58
    TK_LIT_TRUE       shift, and go to state 59
    TK_IDENTIFICADOR  shift, and go to state 61
    '-'               shift, and go to state 62
    '('               shift, and go to state 63

    chamada_funcao        go to state 65
    expressao_aritmetica  go to state 66
    expressao_logica      go to state 67
    expressao             go to state 124


state 94

   60 expressao_logica: expressao TK_OC_NE . expressao

    TK_LIT_INT        shift, and go to state 56
    TK_LIT_FLOAT      shift, and go to state 57
    TK_LIT_FALSE      shift, and go to state 58
    TK_LIT_TRUE       shift, and go to state 59
    TK_IDENTIFICADOR  shift, and go to state 61
    '-'               shift, and go to state 62
    '('               shift, and go to state 63

    chamada_funcao        go to state 65
    expressao_aritmetica  go to state 66
    expressao_logica      go to state 67
    expressao             go to state 125


state 95

   61 expressao_logica: expressao TK_OC_AND . expressao

    TK_LIT_INT        shift, and go to state 56
    TK_LIT_FLOAT      shift, and go to state 57
    TK_LIT_FALSE      shift, and go to state 58
    TK_LIT_TRUE       shift, and go to state 59
    TK_IDENTIFICADOR  shift, and go to state 61
    '-'               shift, and go to state 62
    '('               shift, and go to state 63

    chamada_funcao        go to state 65
    expressao_aritmetica  go to state 66
    expressao_logica      go to state 67
    expressao             go to state 126


state 96

   62 expressao_logica: expressao TK_OC_OR . expressao

    TK_LIT_INT        shift, and go to state 56
    TK_LIT_FLOAT      shift, and go to state 57
    TK_LIT_FALSE      shift, and go to state 58
    TK_LIT_TRUE       shift, and go to state 59
    TK_IDENTIFICADOR  shift, and go to state 61
    '-'               shift, and go to state 62
    '('               shift, and go to state 63

    chamada_funcao        go to state 65
    expressao_aritmetica  go to state 66
    expressao_logica      go to state 67
    expressao             go to state 127


state 97

   58 expressao_logica: expressao '<' . expressao

    TK_LIT_INT        shift, and go to state 56
    TK_LIT_FLOAT      shift, and go to state 57
    TK_LIT_FALSE      shift, and go to state 58
    TK_LIT_TRUE       shift, and go to state 59
    TK_IDENTIFICADOR  shift, and go to state 61
    '-'               shift, and go to state 62
    '('               shift, and go to state 63

    chamada_funcao        go to state 65
    expressao_aritmetica  go to state 66
    expressao_logica      go to state 67
    expressao             go to state 128


state 98

   52 expressao_aritmetica: expressao '+' . expressao

    TK_LIT_INT        shift, and go to state 56
    TK_LIT_FLOAT      shift, and go to state 57
    TK_LIT_FALSE      shift, and go to state 58
    TK_LIT_TRUE       shift, and go to state 59
    TK_IDENTIFICADOR  shift, and go to state 61
    '-'               shift, and go to state 62
    '('               shift, and go to state 63

    chamada_funcao        go to state 65
    expressao_aritmetica  go to state 66
    expressao_logica      go to state 67
    expressao             go to state 129


state 99

   53 expressao_aritmetica: expressao '-' . expressao

    TK_LIT_INT        shift, and go to state 56
    TK_LIT_FLOAT      shift, and go to state 57
    TK_LIT_FALSE      shift, and go to state 58
    TK_LIT_TRUE       shift, and go to state 59
    TK_IDENTIFICADOR  shift, and go to state 61
    '-'               shift, and go to state 62
    '('               shift, and go to state 63

    chamada_funcao        go to state 65
    expressao_aritmetica  go to state 66
    expressao_logica      go to state 67
    expressao             go to state 130


state 100

   54 expressao_aritmetica: expressao '*' . expressao

    TK_LIT_INT        shift, and go to state 56
    TK_LIT_FLOAT      shift, and go to state 57
    TK_LIT_FALSE      shift, and go to state 58
    TK_LIT_TRUE       shift, and go to state 59
    TK_IDENTIFICADOR  shift, and go to state 61
    '-'               shift, and go to state 62
    '('               shift, and go to state 63

    chamada_funcao        go to state 65
    expressao_aritmetica  go to state 66
    expressao_logica      go to state 67
    expressao             go to state 131


state 101

   55 expressao_aritmetica: expressao '/' . expressao

    TK_LIT_INT        shift, and go to state 56
    TK_LIT_FLOAT      shift, and go to state 57
    TK_LIT_FALSE      shift, and go to state 58
    TK_LIT_TRUE       shift, and go to state 59
    TK_IDENTIFICADOR  shift, and go to state 61
    '-'               shift, and go to state 62
    '('               shift, and go to state 63

    chamada_funcao        go to state 65
    expressao_aritmetica  go to state 66
    expressao_logica      go to state 67
    expressao             go to state 132


state 102

   49 lista_elementos: expressao ',' . lista_elementos

    TK_LIT_INT        shift, and go to state 56
    TK_LIT_FLOAT      shift, and go to state 57
    TK_LIT_FALSE      shift, and go to state 58
    TK_LIT_TRUE       shift, and go to state 59
    TK_LIT_STRING     shift, and go to state 60
    TK_IDENTIFICADOR  shift, and go to state 61
    '-'               shift, and go to state 62
    '('               shift, and go to state 63

    lista_elementos       go to state 133
    chamada_funcao        go to state 65
    expressao_aritmetica  go to state 66
    expressao_logica      go to state 67
    expressao             go to state 68


state 103

   40 atribuicao: TK_IDENTIFICADOR '=' TK_LIT_CHAR .

    $default  reduce using rule 40 (atribuicao)


state 104

   39 atribuicao: TK_IDENTIFICADOR '=' TK_LIT_STRING .

    $default  reduce using rule 39 (atribuicao)


state 105

   38 atribuicao: TK_IDENTIFICADOR '=' expressao .
   52 expressao_aritmetica: expressao . '+' expressao
   53                     | expressao . '-' expressao
   54                     | expressao . '*' expressao
   55                     | expressao . '/' expressao
   56 expressao_logica: expressao . TK_OC_LE expressao
   57                 | expressao . TK_OC_GE expressao
   58                 | expressao . '<' expressao
   59                 | expressao . TK_OC_EQ expressao
   60                 | expressao . TK_OC_NE expressao
   61                 | expressao . TK_OC_AND expressao
   62                 | expressao . TK_OC_OR expressao

    TK_OC_LE   shift, and go to state 91
    TK_OC_GE   shift, and go to state 92
    TK_OC_EQ   shift, and go to state 93
    TK_OC_NE   shift, and go to state 94
    TK_OC_AND  shift, and go to state 95
    TK_OC_OR   shift, and go to state 96
    '<'        shift, and go to state 97
    '+'        shift, and go to state 98
    '-'        shift, and go to state 99
    '*'        shift, and go to state 100
    '/'        shift, and go to state 101

    $default  reduce using rule 38 (atribuicao)


state 106

   41 atribuicao: TK_IDENTIFICADOR '[' expressao . ']' '=' expressao
   42           | TK_IDENTIFICADOR '[' expressao . ']' '=' TK_LIT_STRING
   43           | TK_IDENTIFICADOR '[' expressao . ']' '=' TK_LIT_CHAR
   52 expressao_aritmetica: expressao . '+' expressao
   53                     | expressao . '-' expressao
   54                     | expressao . '*' expressao
   55                     | expressao . '/' expressao
   56 expressao_logica: expressao . TK_OC_LE expressao
   57                 | expressao . TK_OC_GE expressao
   58                 | expressao . '<' expressao
   59                 | expressao . TK_OC_EQ expressao
   60                 | expressao . TK_OC_NE expressao
   61                 | expressao . TK_OC_AND expressao
   62                 | expressao . TK_OC_OR expressao

    TK_OC_LE   shift, and go to state 91
    TK_OC_GE   shift, and go to state 92
    TK_OC_EQ   shift, and go to state 93
    TK_OC_NE   shift, and go to state 94
    TK_OC_AND  shift, and go to state 95
    TK_OC_OR   shift, and go to state 96
    '<'        shift, and go to state 97
    '+'        shift, and go to state 98
    '-'        shift, and go to state 99
    '*'        shift, and go to state 100
    '/'        shift, and go to state 101
    ']'        shift, and go to state 134


state 107

   75 lista_argumentos: TK_LIT_CHAR .
   76                 | TK_LIT_CHAR . ',' lista_argumentos

    ','  shift, and go to state 135

    $default  reduce using rule 75 (lista_argumentos)


state 108

   77 lista_argumentos: TK_LIT_STRING .
   78                 | TK_LIT_STRING . ',' lista_argumentos

    ','  shift, and go to state 136

    $default  reduce using rule 77 (lista_argumentos)


state 109

   52 expressao_aritmetica: expressao . '+' expressao
   53                     | expressao . '-' expressao
   54                     | expressao . '*' expressao
   55                     | expressao . '/' expressao
   56 expressao_logica: expressao . TK_OC_LE expressao
   57                 | expressao . TK_OC_GE expressao
   58                 | expressao . '<' expressao
   59                 | expressao . TK_OC_EQ expressao
   60                 | expressao . TK_OC_NE expressao
   61                 | expressao . TK_OC_AND expressao
   62                 | expressao . TK_OC_OR expressao
   79 lista_argumentos: expressao .
   80                 | expressao . ',' lista_argumentos

    TK_OC_LE   shift, and go to state 91
    TK_OC_GE   shift, and go to state 92
    TK_OC_EQ   shift, and go to state 93
    TK_OC_NE   shift, and go to state 94
    TK_OC_AND  shift, and go to state 95
    TK_OC_OR   shift, and go to state 96
    '<'        shift, and go to state 97
    '+'        shift, and go to state 98
    '-'        shift, and go to state 99
    '*'        shift, and go to state 100
    '/'        shift, and go to state 101
    ','        shift, and go to state 137

    $default  reduce using rule 79 (lista_argumentos)


state 110

   51 chamada_funcao: TK_IDENTIFICADOR '(' lista_argumentos . ')'

    ')'  shift, and go to state 138


state 111

   28 comandos: bloco ';' comandos .

    $default  reduce using rule 28 (comandos)


state 112

   24 comandos: comando_simples ';' comandos .

    $default  reduce using rule 24 (comandos)


state 113

   13 decl_vetor: tipo ':' TK_IDENTIFICADOR '[' TK_LIT_INT ']' . ';'

    ';'  shift, and go to state 139


state 114

   14 decl_parametro: tipo ':' . TK_IDENTIFICADOR
   15               | tipo ':' . TK_IDENTIFICADOR ',' decl_parametro

    TK_IDENTIFICADOR  shift, and go to state 140


state 115

   18 cabecalho: tipo ':' TK_IDENTIFICADOR '(' decl_parametro ')' .

    $default  reduce using rule 18 (cabecalho)


state 116

   82 fluxo_controle: TK_PR_IF '(' expressao_logica ')' . TK_PR_THEN then_else
   83               | TK_PR_IF '(' expressao_logica ')' . TK_PR_THEN then TK_PR_ELSE then_else

    TK_PR_THEN  shift, and go to state 141


state 117

   84 fluxo_controle: TK_PR_WHILE '(' expressao_logica ')' . TK_PR_DO comandos_while_do ';'

    TK_PR_DO  shift, and go to state 142


state 118

   85 fluxo_controle: TK_PR_DO comandos_while_do TK_PR_WHILE '(' . expressao_logica ')' ';'

    TK_LIT_INT        shift, and go to state 56
    TK_LIT_FLOAT      shift, and go to state 57
    TK_LIT_FALSE      shift, and go to state 58
    TK_LIT_TRUE       shift, and go to state 59
    TK_IDENTIFICADOR  shift, and go to state 61
    '-'               shift, and go to state 62
    '('               shift, and go to state 63

    chamada_funcao        go to state 65
    expressao_aritmetica  go to state 66
    expressao_logica      go to state 143
    expressao             go to state 83


state 119

   47 lista_elementos: TK_LIT_STRING ',' lista_elementos .

    $default  reduce using rule 47 (lista_elementos)


state 120

   52 expressao_aritmetica: expressao . '+' expressao
   53                     | expressao . '-' expressao
   54                     | expressao . '*' expressao
   55                     | expressao . '/' expressao
   56 expressao_logica: expressao . TK_OC_LE expressao
   57                 | expressao . TK_OC_GE expressao
   58                 | expressao . '<' expressao
   59                 | expressao . TK_OC_EQ expressao
   60                 | expressao . TK_OC_NE expressao
   61                 | expressao . TK_OC_AND expressao
   62                 | expressao . TK_OC_OR expressao
   66 expressao: TK_IDENTIFICADOR '[' expressao . ']'

    TK_OC_LE   shift, and go to state 91
    TK_OC_GE   shift, and go to state 92
    TK_OC_EQ   shift, and go to state 93
    TK_OC_NE   shift, and go to state 94
    TK_OC_AND  shift, and go to state 95
    TK_OC_OR   shift, and go to state 96
    '<'        shift, and go to state 97
    '+'        shift, and go to state 98
    '-'        shift, and go to state 99
    '*'        shift, and go to state 100
    '/'        shift, and go to state 101
    ']'        shift, and go to state 144


state 121

   65 expressao: '(' expressao ')' .

    $default  reduce using rule 65 (expressao)


state 122

   52 expressao_aritmetica: expressao . '+' expressao
   53                     | expressao . '-' expressao
   54                     | expressao . '*' expressao
   55                     | expressao . '/' expressao
   56 expressao_logica: expressao . TK_OC_LE expressao
   56                 | expressao TK_OC_LE expressao .
   57                 | expressao . TK_OC_GE expressao
   58                 | expressao . '<' expressao
   59                 | expressao . TK_OC_EQ expressao
   60                 | expressao . TK_OC_NE expressao
   61                 | expressao . TK_OC_AND expressao
   62                 | expressao . TK_OC_OR expressao

    TK_OC_AND  shift, and go to state 95
    TK_OC_OR   shift, and go to state 96
    '+'        shift, and go to state 98
    '-'        shift, and go to state 99
    '*'        shift, and go to state 100
    '/'        shift, and go to state 101

    TK_OC_LE  error (nonassociative)
    TK_OC_GE  error (nonassociative)
    TK_OC_EQ  error (nonassociative)
    TK_OC_NE  error (nonassociative)
    '<'       error (nonassociative)

    $default  reduce using rule 56 (expressao_logica)


state 123

   52 expressao_aritmetica: expressao . '+' expressao
   53                     | expressao . '-' expressao
   54                     | expressao . '*' expressao
   55                     | expressao . '/' expressao
   56 expressao_logica: expressao . TK_OC_LE expressao
   57                 | expressao . TK_OC_GE expressao
   57                 | expressao TK_OC_GE expressao .
   58                 | expressao . '<' expressao
   59                 | expressao . TK_OC_EQ expressao
   60                 | expressao . TK_OC_NE expressao
   61                 | expressao . TK_OC_AND expressao
   62                 | expressao . TK_OC_OR expressao

    TK_OC_AND  shift, and go to state 95
    TK_OC_OR   shift, and go to state 96
    '+'        shift, and go to state 98
    '-'        shift, and go to state 99
    '*'        shift, and go to state 100
    '/'        shift, and go to state 101

    TK_OC_LE  error (nonassociative)
    TK_OC_GE  error (nonassociative)
    TK_OC_EQ  error (nonassociative)
    TK_OC_NE  error (nonassociative)
    '<'       error (nonassociative)

    $default  reduce using rule 57 (expressao_logica)


state 124

   52 expressao_aritmetica: expressao . '+' expressao
   53                     | expressao . '-' expressao
   54                     | expressao . '*' expressao
   55                     | expressao . '/' expressao
   56 expressao_logica: expressao . TK_OC_LE expressao
   57                 | expressao . TK_OC_GE expressao
   58                 | expressao . '<' expressao
   59                 | expressao . TK_OC_EQ expressao
   59                 | expressao TK_OC_EQ expressao .
   60                 | expressao . TK_OC_NE expressao
   61                 | expressao . TK_OC_AND expressao
   62                 | expressao . TK_OC_OR expressao

    TK_OC_AND  shift, and go to state 95
    TK_OC_OR   shift, and go to state 96
    '+'        shift, and go to state 98
    '-'        shift, and go to state 99
    '*'        shift, and go to state 100
    '/'        shift, and go to state 101

    TK_OC_LE  error (nonassociative)
    TK_OC_GE  error (nonassociative)
    TK_OC_EQ  error (nonassociative)
    TK_OC_NE  error (nonassociative)
    '<'       error (nonassociative)

    $default  reduce using rule 59 (expressao_logica)


state 125

   52 expressao_aritmetica: expressao . '+' expressao
   53                     | expressao . '-' expressao
   54                     | expressao . '*' expressao
   55                     | expressao . '/' expressao
   56 expressao_logica: expressao . TK_OC_LE expressao
   57                 | expressao . TK_OC_GE expressao
   58                 | expressao . '<' expressao
   59                 | expressao . TK_OC_EQ expressao
   60                 | expressao . TK_OC_NE expressao
   60                 | expressao TK_OC_NE expressao .
   61                 | expressao . TK_OC_AND expressao
   62                 | expressao . TK_OC_OR expressao

    TK_OC_AND  shift, and go to state 95
    TK_OC_OR   shift, and go to state 96
    '+'        shift, and go to state 98
    '-'        shift, and go to state 99
    '*'        shift, and go to state 100
    '/'        shift, and go to state 101

    TK_OC_LE  error (nonassociative)
    TK_OC_GE  error (nonassociative)
    TK_OC_EQ  error (nonassociative)
    TK_OC_NE  error (nonassociative)
    '<'       error (nonassociative)

    $default  reduce using rule 60 (expressao_logica)


state 126

   52 expressao_aritmetica: expressao . '+' expressao
   53                     | expressao . '-' expressao
   54                     | expressao . '*' expressao
   55                     | expressao . '/' expressao
   56 expressao_logica: expressao . TK_OC_LE expressao
   57                 | expressao . TK_OC_GE expressao
   58                 | expressao . '<' expressao
   59                 | expressao . TK_OC_EQ expressao
   60                 | expressao . TK_OC_NE expressao
   61                 | expressao . TK_OC_AND expressao
   61                 | expressao TK_OC_AND expressao .
   62                 | expressao . TK_OC_OR expressao

    '+'  shift, and go to state 98
    '-'  shift, and go to state 99
    '*'  shift, and go to state 100
    '/'  shift, and go to state 101

    $default  reduce using rule 61 (expressao_logica)


state 127

   52 expressao_aritmetica: expressao . '+' expressao
   53                     | expressao . '-' expressao
   54                     | expressao . '*' expressao
   55                     | expressao . '/' expressao
   56 expressao_logica: expressao . TK_OC_LE expressao
   57                 | expressao . TK_OC_GE expressao
   58                 | expressao . '<' expressao
   59                 | expressao . TK_OC_EQ expressao
   60                 | expressao . TK_OC_NE expressao
   61                 | expressao . TK_OC_AND expressao
   62                 | expressao . TK_OC_OR expressao
   62                 | expressao TK_OC_OR expressao .

    '+'  shift, and go to state 98
    '-'  shift, and go to state 99
    '*'  shift, and go to state 100
    '/'  shift, and go to state 101

    $default  reduce using rule 62 (expressao_logica)


state 128

   52 expressao_aritmetica: expressao . '+' expressao
   53                     | expressao . '-' expressao
   54                     | expressao . '*' expressao
   55                     | expressao . '/' expressao
   56 expressao_logica: expressao . TK_OC_LE expressao
   57                 | expressao . TK_OC_GE expressao
   58                 | expressao . '<' expressao
   58                 | expressao '<' expressao .
   59                 | expressao . TK_OC_EQ expressao
   60                 | expressao . TK_OC_NE expressao
   61                 | expressao . TK_OC_AND expressao
   62                 | expressao . TK_OC_OR expressao

    TK_OC_AND  shift, and go to state 95
    TK_OC_OR   shift, and go to state 96
    '+'        shift, and go to state 98
    '-'        shift, and go to state 99
    '*'        shift, and go to state 100
    '/'        shift, and go to state 101

    TK_OC_LE  error (nonassociative)
    TK_OC_GE  error (nonassociative)
    TK_OC_EQ  error (nonassociative)
    TK_OC_NE  error (nonassociative)
    '<'       error (nonassociative)

    $default  reduce using rule 58 (expressao_logica)


state 129

   52 expressao_aritmetica: expressao . '+' expressao
   52                     | expressao '+' expressao .
   53                     | expressao . '-' expressao
   54                     | expressao . '*' expressao
   55                     | expressao . '/' expressao
   56 expressao_logica: expressao . TK_OC_LE expressao
   57                 | expressao . TK_OC_GE expressao
   58                 | expressao . '<' expressao
   59                 | expressao . TK_OC_EQ expressao
   60                 | expressao . TK_OC_NE expressao
   61                 | expressao . TK_OC_AND expressao
   62                 | expressao . TK_OC_OR expressao

    '*'  shift, and go to state 100
    '/'  shift, and go to state 101

    $default  reduce using rule 52 (expressao_aritmetica)


state 130

   52 expressao_aritmetica: expressao . '+' expressao
   53                     | expressao . '-' expressao
   53                     | expressao '-' expressao .
   54                     | expressao . '*' expressao
   55                     | expressao . '/' expressao
   56 expressao_logica: expressao . TK_OC_LE expressao
   57                 | expressao . TK_OC_GE expressao
   58                 | expressao . '<' expressao
   59                 | expressao . TK_OC_EQ expressao
   60                 | expressao . TK_OC_NE expressao
   61                 | expressao . TK_OC_AND expressao
   62                 | expressao . TK_OC_OR expressao

    '*'  shift, and go to state 100
    '/'  shift, and go to state 101

    $default  reduce using rule 53 (expressao_aritmetica)


state 131

   52 expressao_aritmetica: expressao . '+' expressao
   53                     | expressao . '-' expressao
   54                     | expressao . '*' expressao
   54                     | expressao '*' expressao .
   55                     | expressao . '/' expressao
   56 expressao_logica: expressao . TK_OC_LE expressao
   57                 | expressao . TK_OC_GE expressao
   58                 | expressao . '<' expressao
   59                 | expressao . TK_OC_EQ expressao
   60                 | expressao . TK_OC_NE expressao
   61                 | expressao . TK_OC_AND expressao
   62                 | expressao . TK_OC_OR expressao

    $default  reduce using rule 54 (expressao_aritmetica)


state 132

   52 expressao_aritmetica: expressao . '+' expressao
   53                     | expressao . '-' expressao
   54                     | expressao . '*' expressao
   55                     | expressao . '/' expressao
   55                     | expressao '/' expressao .
   56 expressao_logica: expressao . TK_OC_LE expressao
   57                 | expressao . TK_OC_GE expressao
   58                 | expressao . '<' expressao
   59                 | expressao . TK_OC_EQ expressao
   60                 | expressao . TK_OC_NE expressao
   61                 | expressao . TK_OC_AND expressao
   62                 | expressao . TK_OC_OR expressao

    $default  reduce using rule 55 (expressao_aritmetica)


state 133

   49 lista_elementos: expressao ',' lista_elementos .

    $default  reduce using rule 49 (lista_elementos)


state 134

   41 atribuicao: TK_IDENTIFICADOR '[' expressao ']' . '=' expressao
   42           | TK_IDENTIFICADOR '[' expressao ']' . '=' TK_LIT_STRING
   43           | TK_IDENTIFICADOR '[' expressao ']' . '=' TK_LIT_CHAR

    '='  shift, and go to state 145


state 135

   76 lista_argumentos: TK_LIT_CHAR ',' . lista_argumentos

    TK_LIT_INT        shift, and go to state 56
    TK_LIT_FLOAT      shift, and go to state 57
    TK_LIT_FALSE      shift, and go to state 58
    TK_LIT_TRUE       shift, and go to state 59
    TK_LIT_CHAR       shift, and go to state 107
    TK_LIT_STRING     shift, and go to state 108
    TK_IDENTIFICADOR  shift, and go to state 61
    '-'               shift, and go to state 62
    '('               shift, and go to state 63

    $default  reduce using rule 81 (lista_argumentos)

    chamada_funcao        go to state 65
    expressao_aritmetica  go to state 66
    expressao_logica      go to state 67
    expressao             go to state 109
    lista_argumentos      go to state 146


state 136

   78 lista_argumentos: TK_LIT_STRING ',' . lista_argumentos

    TK_LIT_INT        shift, and go to state 56
    TK_LIT_FLOAT      shift, and go to state 57
    TK_LIT_FALSE      shift, and go to state 58
    TK_LIT_TRUE       shift, and go to state 59
    TK_LIT_CHAR       shift, and go to state 107
    TK_LIT_STRING     shift, and go to state 108
    TK_IDENTIFICADOR  shift, and go to state 61
    '-'               shift, and go to state 62
    '('               shift, and go to state 63

    $default  reduce using rule 81 (lista_argumentos)

    chamada_funcao        go to state 65
    expressao_aritmetica  go to state 66
    expressao_logica      go to state 67
    expressao             go to state 109
    lista_argumentos      go to state 147


state 137

   80 lista_argumentos: expressao ',' . lista_argumentos

    TK_LIT_INT        shift, and go to state 56
    TK_LIT_FLOAT      shift, and go to state 57
    TK_LIT_FALSE      shift, and go to state 58
    TK_LIT_TRUE       shift, and go to state 59
    TK_LIT_CHAR       shift, and go to state 107
    TK_LIT_STRING     shift, and go to state 108
    TK_IDENTIFICADOR  shift, and go to state 61
    '-'               shift, and go to state 62
    '('               shift, and go to state 63

    $default  reduce using rule 81 (lista_argumentos)

    chamada_funcao        go to state 65
    expressao_aritmetica  go to state 66
    expressao_logica      go to state 67
    expressao             go to state 109
    lista_argumentos      go to state 148


state 138

   51 chamada_funcao: TK_IDENTIFICADOR '(' lista_argumentos ')' .

    $default  reduce using rule 51 (chamada_funcao)


state 139

   13 decl_vetor: tipo ':' TK_IDENTIFICADOR '[' TK_LIT_INT ']' ';' .

    $default  reduce using rule 13 (decl_vetor)


state 140

   14 decl_parametro: tipo ':' TK_IDENTIFICADOR .
   15               | tipo ':' TK_IDENTIFICADOR . ',' decl_parametro

    ','  shift, and go to state 149

    $default  reduce using rule 14 (decl_parametro)


state 141

   82 fluxo_controle: TK_PR_IF '(' expressao_logica ')' TK_PR_THEN . then_else
   83               | TK_PR_IF '(' expressao_logica ')' TK_PR_THEN . then TK_PR_ELSE then_else

    TK_PR_IF          shift, and go to state 24
    TK_PR_WHILE       shift, and go to state 25
    TK_PR_DO          shift, and go to state 26
    TK_PR_INPUT       shift, and go to state 27
    TK_PR_OUTPUT      shift, and go to state 28
    TK_PR_RETURN      shift, and go to state 29
    TK_IDENTIFICADOR  shift, and go to state 30
    '{'               shift, and go to state 18

    bloco            go to state 150
    comando          go to state 151
    comando_simples  go to state 52
    atribuicao       go to state 36
    entrada          go to state 37
    saida            go to state 38
    retorno          go to state 39
    chamada_funcao   go to state 40
    fluxo_controle   go to state 53
    then             go to state 152
    then_else        go to state 153


state 142

   84 fluxo_controle: TK_PR_WHILE '(' expressao_logica ')' TK_PR_DO . comandos_while_do ';'

    TK_PR_IF          shift, and go to state 24
    TK_PR_WHILE       shift, and go to state 25
    TK_PR_DO          shift, and go to state 26
    TK_PR_INPUT       shift, and go to state 27
    TK_PR_OUTPUT      shift, and go to state 28
    TK_PR_RETURN      shift, and go to state 29
    TK_IDENTIFICADOR  shift, and go to state 30
    '{'               shift, and go to state 18

    bloco              go to state 50
    comando            go to state 51
    comando_simples    go to state 52
    atribuicao         go to state 36
    entrada            go to state 37
    saida              go to state 38
    retorno            go to state 39
    chamada_funcao     go to state 40
    fluxo_controle     go to state 53
    comandos_while_do  go to state 154


state 143

   64 expressao: expressao_logica .
   85 fluxo_controle: TK_PR_DO comandos_while_do TK_PR_WHILE '(' expressao_logica . ')' ';'

    ')'  shift, and go to state 155

    $default  reduce using rule 64 (expressao)


state 144

   66 expressao: TK_IDENTIFICADOR '[' expressao ']' .

    $default  reduce using rule 66 (expressao)


state 145

   41 atribuicao: TK_IDENTIFICADOR '[' expressao ']' '=' . expressao
   42           | TK_IDENTIFICADOR '[' expressao ']' '=' . TK_LIT_STRING
   43           | TK_IDENTIFICADOR '[' expressao ']' '=' . TK_LIT_CHAR

    TK_LIT_INT        shift, and go to state 56
    TK_LIT_FLOAT      shift, and go to state 57
    TK_LIT_FALSE      shift, and go to state 58
    TK_LIT_TRUE       shift, and go to state 59
    TK_LIT_CHAR       shift, and go to state 156
    TK_LIT_STRING     shift, and go to state 157
    TK_IDENTIFICADOR  shift, and go to state 61
    '-'               shift, and go to state 62
    '('               shift, and go to state 63

    chamada_funcao        go to state 65
    expressao_aritmetica  go to state 66
    expressao_logica      go to state 67
    expressao             go to state 158


state 146

   76 lista_argumentos: TK_LIT_CHAR ',' lista_argumentos .

    $default  reduce using rule 76 (lista_argumentos)


state 147

   78 lista_argumentos: TK_LIT_STRING ',' lista_argumentos .

    $default  reduce using rule 78 (lista_argumentos)


state 148

   80 lista_argumentos: expressao ',' lista_argumentos .

    $default  reduce using rule 80 (lista_argumentos)


state 149

   15 decl_parametro: tipo ':' TK_IDENTIFICADOR ',' . decl_parametro

    TK_PR_INT     shift, and go to state 1
    TK_PR_FLOAT   shift, and go to state 2
    TK_PR_BOOL    shift, and go to state 3
    TK_PR_CHAR    shift, and go to state 4
    TK_PR_STRING  shift, and go to state 5

    tipo            go to state 80
    decl_parametro  go to state 159


state 150

   87 then: bloco .
   89 then_else: bloco . ';'

    ';'  shift, and go to state 160

    $default  reduce using rule 87 (then)


state 151

   86 then: comando .
   88 then_else: comando . ';'

    ';'  shift, and go to state 161

    $default  reduce using rule 86 (then)


state 152

   83 fluxo_controle: TK_PR_IF '(' expressao_logica ')' TK_PR_THEN then . TK_PR_ELSE then_else

    TK_PR_ELSE  shift, and go to state 162


state 153

   82 fluxo_controle: TK_PR_IF '(' expressao_logica ')' TK_PR_THEN then_else .

    $default  reduce using rule 82 (fluxo_controle)


state 154

   84 fluxo_controle: TK_PR_WHILE '(' expressao_logica ')' TK_PR_DO comandos_while_do . ';'

    ';'  shift, and go to state 163


state 155

   85 fluxo_controle: TK_PR_DO comandos_while_do TK_PR_WHILE '(' expressao_logica ')' . ';'

    ';'  shift, and go to state 164


state 156

   43 atribuicao: TK_IDENTIFICADOR '[' expressao ']' '=' TK_LIT_CHAR .

    $default  reduce using rule 43 (atribuicao)


state 157

   42 atribuicao: TK_IDENTIFICADOR '[' expressao ']' '=' TK_LIT_STRING .

    $default  reduce using rule 42 (atribuicao)


state 158

   41 atribuicao: TK_IDENTIFICADOR '[' expressao ']' '=' expressao .
   52 expressao_aritmetica: expressao . '+' expressao
   53                     | expressao . '-' expressao
   54                     | expressao . '*' expressao
   55                     | expressao . '/' expressao
   56 expressao_logica: expressao . TK_OC_LE expressao
   57                 | expressao . TK_OC_GE expressao
   58                 | expressao . '<' expressao
   59                 | expressao . TK_OC_EQ expressao
   60                 | expressao . TK_OC_NE expressao
   61                 | expressao . TK_OC_AND expressao
   62                 | expressao . TK_OC_OR expressao

    TK_OC_LE   shift, and go to state 91
    TK_OC_GE   shift, and go to state 92
    TK_OC_EQ   shift, and go to state 93
    TK_OC_NE   shift, and go to state 94
    TK_OC_AND  shift, and go to state 95
    TK_OC_OR   shift, and go to state 96
    '<'        shift, and go to state 97
    '+'        shift, and go to state 98
    '-'        shift, and go to state 99
    '*'        shift, and go to state 100
    '/'        shift, and go to state 101

    $default  reduce using rule 41 (atribuicao)


state 159

   15 decl_parametro: tipo ':' TK_IDENTIFICADOR ',' decl_parametro .

    $default  reduce using rule 15 (decl_parametro)


state 160

   89 then_else: bloco ';' .

    $default  reduce using rule 89 (then_else)


state 161

   88 then_else: comando ';' .

    $default  reduce using rule 88 (then_else)


state 162

   83 fluxo_controle: TK_PR_IF '(' expressao_logica ')' TK_PR_THEN then TK_PR_ELSE . then_else

    TK_PR_IF          shift, and go to state 24
    TK_PR_WHILE       shift, and go to state 25
    TK_PR_DO          shift, and go to state 26
    TK_PR_INPUT       shift, and go to state 27
    TK_PR_OUTPUT      shift, and go to state 28
    TK_PR_RETURN      shift, and go to state 29
    TK_IDENTIFICADOR  shift, and go to state 30
    '{'               shift, and go to state 18

    bloco            go to state 165
    comando          go to state 166
    comando_simples  go to state 52
    atribuicao       go to state 36
    entrada          go to state 37
    saida            go to state 38
    retorno          go to state 39
    chamada_funcao   go to state 40
    fluxo_controle   go to state 53
    then_else        go to state 167


state 163

   84 fluxo_controle: TK_PR_WHILE '(' expressao_logica ')' TK_PR_DO comandos_while_do ';' .

    $default  reduce using rule 84 (fluxo_controle)


state 164

   85 fluxo_controle: TK_PR_DO comandos_while_do TK_PR_WHILE '(' expressao_logica ')' ';' .

    $default  reduce using rule 85 (fluxo_controle)


state 165

   89 then_else: bloco . ';'

    ';'  shift, and go to state 160


state 166

   88 then_else: comando . ';'

    ';'  shift, and go to state 161


state 167

   83 fluxo_controle: TK_PR_IF '(' expressao_logica ')' TK_PR_THEN then TK_PR_ELSE then_else .

    $default  reduce using rule 83 (fluxo_controle)
